<?xml version="1.0" encoding="UTF-8"?>
<!-- Generated by org.testng.reporters.JUnitXMLReporter -->
<testsuite ignored="0" hostname="SHREESHA" failures="0" tests="3" name="Test1" time="0.116" errors="0" timestamp="2025-04-08T16:18:48 IST">
  <testcase classname="testNgListener.AutomationTest" name="@BeforeClass setup" time="-1.744109328308E9">
    <failure type="org.testng.TestNGException" message="
Parameter &amp;apos;browser&amp;apos; is required by BeforeClass on method setup but has not been marked @Optional or defined
in C:\java program\seleniumwebdriver\Seleniumwebdriver\src\test\java\testNgListener\testng.xml">
      <![CDATA[org.testng.TestNGException: 
Parameter 'browser' is required by BeforeClass on method setup but has not been marked @Optional or defined
in C:\java program\seleniumwebdriver\Seleniumwebdriver\src\test\java\testNgListener\testng.xml
at java.base/java.util.ArrayList.forEach(ArrayList.java:1597)
... Removed 22 stack frames]]>
    </failure>
  </testcase> <!-- @BeforeClass setup -->
  <testcase classname="testNgListener.AutomationTest" name="@AfterClass tearDown" time="0.0">
    <skipped/>
  </testcase> <!-- @AfterClass tearDown -->
  <testcase classname="testNgListener.AutomationTest" name="testlogo" time="0.001">
    <skipped/>
  </testcase> <!-- testlogo -->
  <testcase classname="testNgListener.AutomationTest" name="tesTtitle" time="0.0">
    <skipped/>
  </testcase> <!-- tesTtitle -->
  <testcase classname="testNgListener.AutomationTest" name="testURL" time="0.0">
    <skipped/>
  </testcase> <!-- testURL -->
</testsuite> <!-- Test1 -->
